running egg_info
creating build/fresh_package/fresh_package.egg-info
writing build/fresh_package/fresh_package.egg-info/PKG-INFO
writing dependency_links to build/fresh_package/fresh_package.egg-info/dependency_links.txt
writing entry points to build/fresh_package/fresh_package.egg-info/entry_points.txt
writing requirements to build/fresh_package/fresh_package.egg-info/requires.txt
writing top-level names to build/fresh_package/fresh_package.egg-info/top_level.txt
writing manifest file 'build/fresh_package/fresh_package.egg-info/SOURCES.txt'
reading manifest file 'build/fresh_package/fresh_package.egg-info/SOURCES.txt'
writing manifest file 'build/fresh_package/fresh_package.egg-info/SOURCES.txt'
running build
running build_py
creating /home/hirose/fresh_ros2_ws/src/fresh_package/build/fresh_package/build
creating /home/hirose/fresh_ros2_ws/src/fresh_package/build/fresh_package/build/lib
creating /home/hirose/fresh_ros2_ws/src/fresh_package/build/fresh_package/build/lib/fresh_package
copying fresh_package/talker.py -> /home/hirose/fresh_ros2_ws/src/fresh_package/build/fresh_package/build/lib/fresh_package
copying fresh_package/listener.py -> /home/hirose/fresh_ros2_ws/src/fresh_package/build/fresh_package/build/lib/fresh_package
copying fresh_package/__init__.py -> /home/hirose/fresh_ros2_ws/src/fresh_package/build/fresh_package/build/lib/fresh_package
running install
running install_lib
creating /home/hirose/fresh_ros2_ws/src/fresh_package/install/fresh_package/lib/python3.8/site-packages/fresh_package
copying /home/hirose/fresh_ros2_ws/src/fresh_package/build/fresh_package/build/lib/fresh_package/talker.py -> /home/hirose/fresh_ros2_ws/src/fresh_package/install/fresh_package/lib/python3.8/site-packages/fresh_package
copying /home/hirose/fresh_ros2_ws/src/fresh_package/build/fresh_package/build/lib/fresh_package/listener.py -> /home/hirose/fresh_ros2_ws/src/fresh_package/install/fresh_package/lib/python3.8/site-packages/fresh_package
copying /home/hirose/fresh_ros2_ws/src/fresh_package/build/fresh_package/build/lib/fresh_package/__init__.py -> /home/hirose/fresh_ros2_ws/src/fresh_package/install/fresh_package/lib/python3.8/site-packages/fresh_package
byte-compiling /home/hirose/fresh_ros2_ws/src/fresh_package/install/fresh_package/lib/python3.8/site-packages/fresh_package/talker.py to talker.cpython-38.pyc
byte-compiling /home/hirose/fresh_ros2_ws/src/fresh_package/install/fresh_package/lib/python3.8/site-packages/fresh_package/listener.py to listener.cpython-38.pyc
byte-compiling /home/hirose/fresh_ros2_ws/src/fresh_package/install/fresh_package/lib/python3.8/site-packages/fresh_package/__init__.py to __init__.cpython-38.pyc
running install_egg_info
Copying build/fresh_package/fresh_package.egg-info to /home/hirose/fresh_ros2_ws/src/fresh_package/install/fresh_package/lib/python3.8/site-packages/fresh_package-0.0.0-py3.8.egg-info
running install_scripts
Installing listener script to /home/hirose/fresh_ros2_ws/src/fresh_package/install/fresh_package/lib/fresh_package
Installing talker script to /home/hirose/fresh_ros2_ws/src/fresh_package/install/fresh_package/lib/fresh_package
writing list of installed files to '/home/hirose/fresh_ros2_ws/src/fresh_package/build/fresh_package/install.log'
